#
# There is insufficient memory for the Java Runtime Environment to continue.
# Native memory allocation (malloc) failed to allocate 131088 bytes for Chunk::new
# Possible reasons:
#   The system is out of physical RAM or swap space
#   In 32 bit mode, the process size limit was hit
# Possible solutions:
#   Reduce memory load on the system
#   Increase physical memory or swap space
#   Check if swap backing store is full
#   Use 64 bit Java on a 64 bit OS
#   Decrease Java heap size (-Xmx/-Xms)
#   Decrease number of Java threads
#   Decrease Java thread stack sizes (-Xss)
#   Set larger code cache with -XX:ReservedCodeCacheSize=
# This output file may be truncated or incomplete.
#
#  Out of Memory Error (allocation.cpp:323), pid=1556, tid=360
#
# JRE version: Java(TM) SE Runtime Environment (7.0_79-b15) (build 1.7.0_79-b15)
# Java VM: Java HotSpot(TM) 64-Bit Server VM (24.79-b02 mixed mode windows-amd64 compressed oops)
# Failed to write core dump. Minidumps are not enabled by default on client versions of Windows
#

---------------  T H R E A D  ---------------

Current thread (0x0000000008ae0800):  JavaThread "C2 CompilerThread1" daemon [_thread_in_native, id=360, stack(0x000000000a160000,0x000000000a260000)]

Stack: [0x000000000a160000,0x000000000a260000]
[error occurred during error reporting (printing stack bounds), id 0xc0000005]


[error occurred during error reporting (printing native stack), id 0xc0000005]


Current CompileTask:
C2:   4027  552             com.android.dx.merge.DexMerger::transformClassDef (160 bytes)


---------------  P R O C E S S  ---------------

Java Threads: ( => current thread )
  0x0000000002a3d800 JavaThread "DestroyJavaVM" [_thread_blocked, id=4736, stack(0x0000000002a40000,0x0000000002b40000)]
  0x0000000008aea800 JavaThread "Service Thread" daemon [_thread_blocked, id=964, stack(0x000000000a260000,0x000000000a360000)]
=>0x0000000008ae0800 JavaThread "C2 CompilerThread1" daemon [_thread_in_native, id=360, stack(0x000000000a160000,0x000000000a260000)]
  0x0000000008adc800 JavaThread "C2 CompilerThread0" daemon [_thread_blocked, id=768, stack(0x000000000a060000,0x000000000a160000)]
  0x0000000008adb800 JavaThread "Attach Listener" daemon [_thread_blocked, id=940, stack(0x0000000009f60000,0x000000000a060000)]
  0x0000000008ad8000 JavaThread "Signal Dispatcher" daemon [_thread_blocked, id=460, stack(0x0000000009e60000,0x0000000009f60000)]
  0x0000000008a9f800 JavaThread "Finalizer" daemon [_thread_blocked, id=1812, stack(0x0000000009d60000,0x0000000009e60000)]
  0x0000000008a96800 JavaThread "Reference Handler" daemon [_thread_blocked, id=1000, stack(0x0000000009c60000,0x0000000009d60000)]

Other Threads:
  0x0000000008a90800 VMThread [stack: 0x0000000009b60000,0x0000000009c60000] [id=272]
  0x0000000008afc800 WatcherThread [stack: 0x000000000a360000,0x000000000a460000] [id=988]

VM state:not at safepoint (normal execution)

VM Mutex/Monitor currently owned by a thread: None

Heap
 PSYoungGen      total 68096K, used 55356K [0x00000000eaa80000, 0x00000000f5080000, 0x0000000100000000)
  eden space 65536K, 84% used [0x00000000eaa80000,0x00000000ee08f2f0,0x00000000eea80000)
  from space 2560K, 0% used [0x00000000eea80000,0x00000000eea80000,0x00000000eed00000)
  to   space 19456K, 0% used [0x00000000f3d80000,0x00000000f3d80000,0x00000000f5080000)
 ParOldGen       total 42496K, used 15631K [0x00000000c0000000, 0x00000000c2980000, 0x00000000eaa80000)
  object space 42496K, 36% used [0x00000000c0000000,0x00000000c0f43fe8,0x00000000c2980000)
 PSPermGen       total 21504K, used 7211K [0x00000000bae00000, 0x00000000bc300000, 0x00000000c0000000)
  object space 21504K, 33% used [0x00000000bae00000,0x00000000bb50ad78,0x00000000bc300000)

Card table byte_map: [0x0000000005d00000,0x0000000005f30000] byte_map_base: 0x0000000005729000

Polling page: 0x0000000001270000

Code Cache  [0x0000000002c40000, 0x0000000002eb0000, 0x0000000005c40000)
 total_blobs=808 nmethods=547 adapters=213 free_code_cache=47713Kb largest_free_block=48825728

Compilation events (10 events):
Event: 3.866 Thread 0x0000000008ae0800  550             com.android.dx.io.instructions.InstructionCodec$16::encode (37 bytes)
Event: 3.868 Thread 0x0000000008adc800 nmethod 549 0x0000000002da1cd0 code [0x0000000002da1e20, 0x0000000002da1ff8]
Event: 3.869 Thread 0x0000000008ae0800 nmethod 550 0x0000000002da1610 code [0x0000000002da1760, 0x0000000002da1978]
Event: 3.877 Thread 0x0000000008adc800  551             com.android.dx.io.instructions.RegisterRangeDecodedInstruction::<init> (26 bytes)
Event: 3.879 Thread 0x0000000008adc800 nmethod 551 0x0000000002da12d0 code [0x0000000002da1400, 0x0000000002da1518]
Event: 3.883 Thread 0x0000000008ae0800  552             com.android.dx.merge.DexMerger::transformClassDef (160 bytes)
Event: 3.883 Thread 0x0000000008adc800  553             com.android.dx.merge.IndexMap::adjustAnnotationDirectory (18 bytes)
Event: 3.888 Thread 0x0000000008adc800 nmethod 553 0x0000000002d9f110 code [0x0000000002d9f280, 0x0000000002d9f518]
Event: 3.888 Thread 0x0000000008adc800  554             com.android.dx.merge.IndexMap::adjustStaticValues (18 bytes)
Event: 3.893 Thread 0x0000000008adc800 nmethod 554 0x0000000002da3350 code [0x0000000002da34c0, 0x0000000002da3758]

GC Heap History (10 events):
Event: 2.093 GC heap before
{Heap before GC invocations=2 (full 0):
 PSYoungGen      total 18944K, used 18927K [0x00000000eaa80000, 0x00000000ecf80000, 0x0000000100000000)
  eden space 16384K, 100% used [0x00000000eaa80000,0x00000000eba80000,0x00000000eba80000)
  from space 2560K, 99% used [0x00000000eba80000,0x00000000ebcfbd68,0x00000000ebd00000)
  to   space 2560K, 0% used [0x00000000ecd00000,0x00000000ecd00000,0x00000000ecf80000)
 ParOldGen       total 42496K, used 2496K [0x00000000c0000000, 0x00000000c2980000, 0x00000000eaa80000)
  object space 42496K, 5% used [0x00000000c0000000,0x00000000c0270058,0x00000000c2980000)
 PSPermGen       total 21504K, used 6368K [0x00000000bae00000, 0x00000000bc300000, 0x00000000c0000000)
  object space 21504K, 29% used [0x00000000bae00000,0x00000000bb438250,0x00000000bc300000)
Event: 2.101 GC heap after
Heap after GC invocations=2 (full 0):
 PSYoungGen      total 35328K, used 2550K [0x00000000eaa80000, 0x00000000ecf80000, 0x0000000100000000)
  eden space 32768K, 0% used [0x00000000eaa80000,0x00000000eaa80000,0x00000000eca80000)
  from space 2560K, 99% used [0x00000000ecd00000,0x00000000ecf7db88,0x00000000ecf80000)
  to   space 2560K, 0% used [0x00000000eca80000,0x00000000eca80000,0x00000000ecd00000)
 ParOldGen       total 42496K, used 6658K [0x00000000c0000000, 0x00000000c2980000, 0x00000000eaa80000)
  object space 42496K, 15% used [0x00000000c0000000,0x00000000c0680918,0x00000000c2980000)
 PSPermGen       total 21504K, used 6368K [0x00000000bae00000, 0x00000000bc300000, 0x00000000c0000000)
  object space 21504K, 29% used [0x00000000bae00000,0x00000000bb438250,0x00000000bc300000)
}
Event: 2.733 GC heap before
{Heap before GC invocations=3 (full 0):
 PSYoungGen      total 35328K, used 35318K [0x00000000eaa80000, 0x00000000ecf80000, 0x0000000100000000)
  eden space 32768K, 100% used [0x00000000eaa80000,0x00000000eca80000,0x00000000eca80000)
  from space 2560K, 99% used [0x00000000ecd00000,0x00000000ecf7db88,0x00000000ecf80000)
  to   space 2560K, 0% used [0x00000000eca80000,0x00000000eca80000,0x00000000ecd00000)
 ParOldGen       total 42496K, used 6658K [0x00000000c0000000, 0x00000000c2980000, 0x00000000eaa80000)
  object space 42496K, 15% used [0x00000000c0000000,0x00000000c0680918,0x00000000c2980000)
 PSPermGen       total 21504K, used 7161K [0x00000000bae00000, 0x00000000bc300000, 0x00000000c0000000)
  object space 21504K, 33% used [0x00000000bae00000,0x00000000bb4fe488,0x00000000bc300000)
Event: 2.740 GC heap after
Heap after GC invocations=3 (full 0):
 PSYoungGen      total 35328K, used 2531K [0x00000000eaa80000, 0x00000000eef80000, 0x0000000100000000)
  eden space 32768K, 0% used [0x00000000eaa80000,0x00000000eaa80000,0x00000000eca80000)
  from space 2560K, 98% used [0x00000000eca80000,0x00000000eccf8c68,0x00000000ecd00000)
  to   space 2560K, 0% used [0x00000000eed00000,0x00000000eed00000,0x00000000eef80000)
 ParOldGen       total 42496K, used 15498K [0x00000000c0000000, 0x00000000c2980000, 0x00000000eaa80000)
  object space 42496K, 36% used [0x00000000c0000000,0x00000000c0f22818,0x00000000c2980000)
 PSPermGen       total 21504K, used 7161K [0x00000000bae00000, 0x00000000bc300000, 0x00000000c0000000)
  object space 21504K, 33% used [0x00000000bae00000,0x00000000bb4fe488,0x00000000bc300000)
}
Event: 3.239 GC heap before
{Heap before GC invocations=4 (full 0):
 PSYoungGen      total 35328K, used 35299K [0x00000000eaa80000, 0x00000000eef80000, 0x0000000100000000)
  eden space 32768K, 100% used [0x00000000eaa80000,0x00000000eca80000,0x00000000eca80000)
  from space 2560K, 98% used [0x00000000eca80000,0x00000000eccf8c68,0x00000000ecd00000)
  to   space 2560K, 0% used [0x00000000eed00000,0x00000000eed00000,0x00000000eef80000)
 ParOldGen       total 42496K, used 15498K [0x00000000c0000000, 0x00000000c2980000, 0x00000000eaa80000)
  object space 42496K, 36% used [0x00000000c0000000,0x00000000c0f22818,0x00000000c2980000)
 PSPermGen       total 21504K, used 7189K [0x00000000bae00000, 0x00000000bc300000, 0x00000000c0000000)
  object space 21504K, 33% used [0x00000000bae00000,0x00000000bb5055a8,0x00000000bc300000)
Event: 3.247 GC heap after
Heap after GC invocations=4 (full 0):
 PSYoungGen      total 68096K, used 2550K [0x00000000eaa80000, 0x00000000eef80000, 0x0000000100000000)
  eden space 65536K, 0% used [0x00000000eaa80000,0x00000000eaa80000,0x00000000eea80000)
  from space 2560K, 99% used [0x00000000eed00000,0x00000000eef7d818,0x00000000eef80000)
  to   space 2560K, 0% used [0x00000000eea80000,0x00000000eea80000,0x00000000eed00000)
 ParOldGen       total 42496K, used 19850K [0x00000000c0000000, 0x00000000c2980000, 0x00000000eaa80000)
  object space 42496K, 46% used [0x00000000c0000000,0x00000000c1362930,0x00000000c2980000)
 PSPermGen       total 21504K, used 7189K [0x00000000bae00000, 0x00000000bc300000, 0x00000000c0000000)
  object space 21504K, 33% used [0x00000000bae00000,0x00000000bb5055a8,0x00000000bc300000)
}
Event: 3.594 GC heap before
{Heap before GC invocations=5 (full 0):
 PSYoungGen      total 68096K, used 68086K [0x00000000eaa80000, 0x00000000eef80000, 0x0000000100000000)
  eden space 65536K, 100% used [0x00000000eaa80000,0x00000000eea80000,0x00000000eea80000)
  from space 2560K, 99% used [0x00000000eed00000,0x00000000eef7d818,0x00000000eef80000)
  to   space 2560K, 0% used [0x00000000eea80000,0x00000000eea80000,0x00000000eed00000)
 ParOldGen       total 42496K, used 19850K [0x00000000c0000000, 0x00000000c2980000, 0x00000000eaa80000)
  object space 42496K, 46% used [0x00000000c0000000,0x00000000c1362930,0x00000000c2980000)
 PSPermGen       total 21504K, used 7199K [0x00000000bae00000, 0x00000000bc300000, 0x00000000c0000000)
  object space 21504K, 33% used [0x00000000bae00000,0x00000000bb507e00,0x00000000bc300000)
Event: 3.605 GC heap after
Heap after GC invocations=5 (full 0):
 PSYoungGen      total 68096K, used 2550K [0x00000000eaa80000, 0x00000000f5080000, 0x0000000100000000)
  eden space 65536K, 0% used [0x00000000eaa80000,0x00000000eaa80000,0x00000000eea80000)
  from space 2560K, 99% used [0x00000000eea80000,0x00000000eecfd818,0x00000000eed00000)
  to   space 19456K, 0% used [0x00000000f3d80000,0x00000000f3d80000,0x00000000f5080000)
 ParOldGen       total 42496K, used 37351K [0x00000000c0000000, 0x00000000c2980000, 0x00000000eaa80000)
  object space 42496K, 87% used [0x00000000c0000000,0x00000000c2479c60,0x00000000c2980000)
 PSPermGen       total 21504K, used 7199K [0x00000000bae00000, 0x00000000bc300000, 0x00000000c0000000)
  object space 21504K, 33% used [0x00000000bae00000,0x00000000bb507e00,0x00000000bc300000)
}
Event: 3.605 GC heap before
{Heap before GC invocations=6 (full 1):
 PSYoungGen      total 68096K, used 2550K [0x00000000eaa80000, 0x00000000f5080000, 0x0000000100000000)
  eden space 65536K, 0% used [0x00000000eaa80000,0x00000000eaa80000,0x00000000eea80000)
  from space 2560K, 99% used [0x00000000eea80000,0x00000000eecfd818,0x00000000eed00000)
  to   space 19456K, 0% used [0x00000000f3d80000,0x00000000f3d80000,0x00000000f5080000)
 ParOldGen       total 42496K, used 37351K [0x00000000c0000000, 0x00000000c2980000, 0x00000000eaa80000)
  object space 42496K, 87% used [0x00000000c0000000,0x00000000c2479c60,0x00000000c2980000)
 PSPermGen       total 21504K, used 7199K [0x00000000bae00000, 0x00000000bc300000, 0x00000000c0000000)
  object space 21504K, 33% used [0x00000000bae00000,0x00000000bb507e00,0x00000000bc300000)
Event: 3.682 GC heap after
Heap after GC invocations=6 (full 1):
 PSYoungGen      total 68096K, used 0K [0x00000000eaa80000, 0x00000000f5080000, 0x0000000100000000)
  eden space 65536K, 0% used [0x00000000eaa80000,0x00000000eaa80000,0x00000000eea80000)
  from space 2560K, 0% used [0x00000000eea80000,0x00000000eea80000,0x00000000eed00000)
  to   space 19456K, 0% used [0x00000000f3d80000,0x00000000f3d80000,0x00000000f5080000)
 ParOldGen       total 42496K, used 15631K [0x00000000c0000000, 0x00000000c2980000, 0x00000000eaa80000)
  object space 42496K, 36% used [0x00000000c0000000,0x00000000c0f43fe8,0x00000000c2980000)
 PSPermGen       total 21504K, used 7196K [0x00000000bae00000, 0x00000000bc300000, 0x00000000c0000000)
  object space 21504K, 33% used [0x00000000bae00000,0x00000000bb507258,0x00000000bc300000)
}

Deoptimization events (10 events):
Event: 3.166 Thread 0x0000000002a3d800 Uncommon trap: reason=predicate action=maybe_recompile pc=0x0000000002d547c0 method=java.util.TimSort.binarySort([Ljava/lang/Object;IIILjava/util/Comparator;)V @ 37
Event: 3.263 Thread 0x0000000002a3d800 Uncommon trap: reason=array_check action=maybe_recompile pc=0x0000000002d68e00 method=java.util.ComparableTimSort.binarySort([Ljava/lang/Object;III)V @ 193
Event: 3.370 Thread 0x0000000002a3d800 Uncommon trap: reason=array_check action=maybe_recompile pc=0x0000000002d68e00 method=java.util.ComparableTimSort.binarySort([Ljava/lang/Object;III)V @ 193
Event: 3.417 Thread 0x0000000002a3d800 Uncommon trap: reason=array_check action=maybe_recompile pc=0x0000000002d7ddb4 method=java.util.TimSort.binarySort([Ljava/lang/Object;IIILjava/util/Comparator;)V @ 193
Event: 3.417 Thread 0x0000000002a3d800 Uncommon trap: reason=array_check action=maybe_recompile pc=0x0000000002d7de9c method=java.util.TimSort.binarySort([Ljava/lang/Object;IIILjava/util/Comparator;)V @ 183
Event: 3.417 Thread 0x0000000002a3d800 Uncommon trap: reason=array_check action=maybe_recompile pc=0x0000000002d7ddb4 method=java.util.TimSort.binarySort([Ljava/lang/Object;IIILjava/util/Comparator;)V @ 193
Event: 3.417 Thread 0x0000000002a3d800 Uncommon trap: reason=array_check action=maybe_recompile pc=0x0000000002d7ddb4 method=java.util.TimSort.binarySort([Ljava/lang/Object;IIILjava/util/Comparator;)V @ 193
Event: 3.569 Thread 0x0000000002a3d800 Uncommon trap: reason=array_check action=maybe_recompile pc=0x0000000002d87a1c method=java.util.TimSort.binarySort([Ljava/lang/Object;IIILjava/util/Comparator;)V @ 215
Event: 3.569 Thread 0x0000000002a3d800 Uncommon trap: reason=array_check action=maybe_recompile pc=0x0000000002d87a1c method=java.util.TimSort.binarySort([Ljava/lang/Object;IIILjava/util/Comparator;)V @ 215
Event: 3.737 Thread 0x0000000002a3d800 Uncommon trap: reason=array_check action=maybe_recompile pc=0x0000000002d68e00 method=java.util.ComparableTimSort.binarySort([Ljava/lang/Object;III)V @ 193

Internal exceptions (10 events):
Event: 2.133 Thread 0x0000000002a3d800 Threw 0x00000000eab41f10 at C:\re\jdk7u79\2331\hotspot\src\share\vm\prims\jvm.cpp:1304
Event: 2.133 Thread 0x0000000002a3d800 Threw 0x00000000eab44e08 at C:\re\jdk7u79\2331\hotspot\src\share\vm\prims\jvm.cpp:1304
Event: 2.133 Thread 0x0000000002a3d800 Threw 0x00000000eab48118 at C:\re\jdk7u79\2331\hotspot\src\share\vm\prims\jvm.cpp:1304
Event: 2.136 Thread 0x0000000002a3d800 Threw 0x00000000eab8f4c0 at C:\re\jdk7u79\2331\hotspot\src\share\vm\prims\jvm.cpp:1304
Event: 2.137 Thread 0x0000000002a3d800 Threw 0x00000000eab91548 at C:\re\jdk7u79\2331\hotspot\src\share\vm\prims\jvm.cpp:1304
Event: 2.186 Thread 0x0000000002a3d800 Threw 0x00000000eabfc578 at C:\re\jdk7u79\2331\hotspot\src\share\vm\prims\jvm.cpp:1304
Event: 2.186 Thread 0x0000000002a3d800 Threw 0x00000000eabfc6a0 at C:\re\jdk7u79\2331\hotspot\src\share\vm\prims\jvm.cpp:1304
Event: 2.187 Thread 0x0000000002a3d800 Threw 0x00000000eac00418 at C:\re\jdk7u79\2331\hotspot\src\share\vm\prims\jvm.cpp:1304
Event: 2.187 Thread 0x0000000002a3d800 Threw 0x00000000eac00540 at C:\re\jdk7u79\2331\hotspot\src\share\vm\prims\jvm.cpp:1304
Event: 2.615 Thread 0x0000000002a3d800 Threw 0x00000000ebd86840 at C:\re\jdk7u79\2331\hotspot\src\share\vm\prims\jvm.cpp:1304

Events (10 events):
Event: 3.569 Thread 0x0000000002a3d800 DEOPT UNPACKING pc=0x0000000002c775a4 sp=0x0000000002b3efb8 mode 2
Event: 3.569 Thread 0x0000000002a3d800 Uncommon trap: trap_request=0xffffffd6 fr.pc=0x0000000002d87a1c
Event: 3.569 Thread 0x0000000002a3d800 DEOPT PACKING pc=0x0000000002d87a1c sp=0x0000000002b3eff0
Event: 3.569 Thread 0x0000000002a3d800 DEOPT UNPACKING pc=0x0000000002c775a4 sp=0x0000000002b3efb8 mode 2
Event: 3.594 Executing VM operation: ParallelGCFailedAllocation
Event: 3.682 Executing VM operation: ParallelGCFailedAllocation done
Event: 3.737 Thread 0x0000000002a3d800 Uncommon trap: trap_request=0xffffffd6 fr.pc=0x0000000002d68e00
Event: 3.737 Thread 0x0000000002a3d800 DEOPT PACKING pc=0x0000000002d68e00 sp=0x0000000002b3f070
Event: 3.737 Thread 0x0000000002a3d800 DEOPT UNPACKING pc=0x0000000002c775a4 sp=0x0000000002b3f038 mode 2
Event: 3.788 Thread 0x0000000008adc800 flushing nmethod 0x0000000002ce6790


Dynamic libraries:
0x00007ff688c40000 - 0x00007ff688c73000 	C:\Program Files\Java\jdk1.7.0_79\bin\java.exe
0x00007ff8f0720000 - 0x00007ff8f08e1000 	C:\Windows\SYSTEM32\ntdll.dll
0x00007ff8efc10000 - 0x00007ff8efcbd000 	C:\Windows\system32\KERNEL32.DLL
0x00007ff8ed2a0000 - 0x00007ff8ed47d000 	C:\Windows\system32\KERNELBASE.dll
0x00007ff8f0510000 - 0x00007ff8f05b6000 	C:\Windows\system32\ADVAPI32.dll
0x00007ff8ef490000 - 0x00007ff8ef52d000 	C:\Windows\system32\msvcrt.dll
0x00007ff8ef7a0000 - 0x00007ff8ef7fb000 	C:\Windows\system32\sechost.dll
0x00007ff8f03e0000 - 0x00007ff8f0506000 	C:\Windows\system32\RPCRT4.dll
0x00007ff8ef340000 - 0x00007ff8ef48e000 	C:\Windows\system32\USER32.dll
0x00007ff8f0190000 - 0x00007ff8f0316000 	C:\Windows\system32\GDI32.dll
0x00007ff8e9ae0000 - 0x00007ff8e9d54000 	C:\Windows\WinSxS\amd64_microsoft.windows.common-controls_6595b64144ccf1df_6.0.10240.16384_none_f41f7b285750ef43\COMCTL32.dll
0x00007ff8efdf0000 - 0x00007ff8efe26000 	C:\Windows\system32\IMM32.DLL
0x00007ff8f05c0000 - 0x00007ff8f071c000 	C:\Windows\system32\MSCTF.dll
0x00007ff8ed040000 - 0x00007ff8ed071000 	C:\Windows\system32\nvinitx.dll
0x00007ff8ed030000 - 0x00007ff8ed03a000 	C:\Windows\SYSTEM32\VERSION.dll
0x000000005db40000 - 0x000000005db46000 	C:\Program Files\NVIDIA Corporation\CoProcManager\_etoured.dll
0x00007ff8eaac0000 - 0x00007ff8eaaf3000 	C:\Program Files\NVIDIA Corporation\CoProcManager\nvd3d9wrapx.dll
0x00007ff8efa40000 - 0x00007ff8efc05000 	C:\Windows\system32\SETUPAPI.dll
0x00007ff8ed770000 - 0x00007ff8ed7b4000 	C:\Windows\system32\CFGMGR32.dll
0x00007ff8eaa20000 - 0x00007ff8eaa42000 	C:\Program Files\NVIDIA Corporation\CoProcManager\nvdxgiwrapx.dll
0x000000005b8c0000 - 0x000000005b992000 	C:\Program Files\Java\jdk1.7.0_79\jre\bin\msvcr100.dll
0x000000005be30000 - 0x000000005c605000 	C:\Program Files\Java\jdk1.7.0_79\jre\bin\server\jvm.dll
0x00007ff8f03d0000 - 0x00007ff8f03d8000 	C:\Windows\system32\PSAPI.DLL
0x00007ff8eb8b0000 - 0x00007ff8eb8b9000 	C:\Windows\SYSTEM32\WSOCK32.dll
0x00007ff8eb490000 - 0x00007ff8eb4b3000 	C:\Windows\SYSTEM32\WINMM.dll
0x00007ff8ef970000 - 0x00007ff8ef9d9000 	C:\Windows\system32\WS2_32.dll
0x00007ff8ede00000 - 0x00007ff8ede08000 	C:\Windows\system32\NSI.dll
0x00007ff8eb350000 - 0x00007ff8eb37c000 	C:\Windows\SYSTEM32\WINMMBASE.dll
0x00007ff8eba70000 - 0x00007ff8eba97000 	C:\Windows\SYSTEM32\DEVOBJ.dll
0x000000005bd40000 - 0x000000005bd4f000 	C:\Program Files\Java\jdk1.7.0_79\jre\bin\verify.dll
0x000000005bd10000 - 0x000000005bd38000 	C:\Program Files\Java\jdk1.7.0_79\jre\bin\java.dll
0x000000005bcf0000 - 0x000000005bd05000 	C:\Program Files\Java\jdk1.7.0_79\jre\bin\zip.dll
0x000000005bcd0000 - 0x000000005bcea000 	C:\Program Files\Java\jdk1.7.0_79\jre\bin\net.dll
0x00007ff8ec910000 - 0x00007ff8ec96d000 	C:\Windows\system32\mswsock.dll
0x000000005bcb0000 - 0x000000005bcc1000 	C:\Program Files\Java\jdk1.7.0_79\jre\bin\nio.dll

VM Arguments:
jvm_args: -Xmx1024M -Dfile.encoding=windows-1251 -Duser.country=UA -Duser.language=uk -Duser.variant 
java_command: com.android.dx.command.Main --dex --num-threads=4 --output C:\Users\Dmytro\AndroidStudioProjects\VKClient\app\build\intermediates\dex\debug C:\Users\Dmytro\AndroidStudioProjects\VKClient\app\build\intermediates\classes\debug C:\Users\Dmytro\AndroidStudioProjects\VKClient\app\build\intermediates\pre-dexed\debug\support-annotations-23.1.0-e0492abb9cb95d46baf59f1127e6e22716de1ea8.jar C:\Users\Dmytro\AndroidStudioProjects\VKClient\app\build\intermediates\pre-dexed\debug\picasso-2.5.2-f32e4440de576e8456a1e3d5b97560960759d908.jar C:\Users\Dmytro\AndroidStudioProjects\VKClient\app\build\intermediates\pre-dexed\debug\classes-d69bdcdb83dbc50b7084f1a3ffdf8802dc21865a.jar C:\Users\Dmytro\AndroidStudioProjects\VKClient\app\build\intermediates\pre-dexed\debug\internal_impl-23.1.0-58bef26c6dd149fbb0ccbe6f64dec40b72c86e99.jar C:\Users\Dmytro\AndroidStudioProjects\VKClient\app\build\intermediates\pre-dexed\debug\classes-cb199949c564bf8987db861ce6da16d6fe917ff8.jar C:\Users\Dmytro\AndroidStudioProjects\VKClient\app\build\intermediates\pre-dexed\debug\classes-d128d093c5993ab696f4d6420476831d6ee9ada1.jar C:\Users\Dmytro\AndroidStudioProjects\VKClient\app\build\intermediates\pre-dexed\debug\android-query-full.0.26.7-d1319c0f477f9a8df6e940a797e9dddcb18b785a.jar C:\Users\Dmytro\AndroidStudioProjects\VKClient\app\build\intermediates\pre-dexed\debug\classes-50898c054f8fb1758eec7c90cb097da99bebfdf0.jar C:\Users\Dmytro\AndroidStudioProjects\VKClient\app\build\intermediates\pre-dexed\debug\classes-ad22d42e5c4408f3e434242155ea714373445e5b.jar
Launcher Type: SUN_STANDARD

Environment Variables:
JAVA_HOME=C:\Program Files\Java\jdk1.7.0_79
PATH=C:\Program Files\Java\jdk1.7.0_79;C:\Program Files (x86)\Skype\Phone\;C:\Program Files (x86)\PICT\;C:\Program Files (x86)\NVIDIA Corporation\PhysX\Common
USERNAME=Dmytro
OS=Windows_NT
PROCESSOR_IDENTIFIER=Intel64 Family 6 Model 58 Stepping 9, GenuineIntel



---------------  S Y S T E M  ---------------

OS: Windows 8.1 , 64 bit Build 9600 

CPU:total 4 (2 cores per cpu, 2 threads per core) family 6 model 58 stepping 9, cmov, cx8, fxsr, mmx, sse, sse2, sse3, ssse3, sse4.1, sse4.2, popcnt, avx, erms, ht, tsc, tscinvbit, tscinv

Memory: 4k page, physical 4077380k(489804k free), swap 4077380k(8432k free)

vm_info: Java HotSpot(TM) 64-Bit Server VM (24.79-b02) for windows-amd64 JRE (1.7.0_79-b15), built on Apr 10 2015 12:36:16 by "java_re" with unknown MS VC++:1600

time: Wed Nov 11 23:40:58 2015
elapsed time: 4 seconds

